SF:lib/main.dart
DA:21,3
DA:22,1
DA:32,3
DA:34,1
DA:35,1
DA:37,1
DA:38,1
DA:40,3
DA:44,2
DA:45,3
DA:50,1
DA:51,2
DA:55,1
DA:56,1
DA:57,3
DA:60,1
DA:61,2
DA:62,1
DA:66,1
DA:70,1
DA:71,3
DA:74,1
DA:76,4
DA:80,1
DA:81,3
DA:82,1
DA:84,2
DA:85,1
DA:86,1
DA:88,4
DA:94,2
DA:100,1
DA:103,1
DA:104,1
DA:106,1
DA:113,1
DA:115,1
DA:116,1
DA:121,1
DA:122,2
DA:123,0
DA:124,0
DA:126,4
DA:131,2
DA:135,1
DA:136,1
DA:145,3
DA:146,4
DA:147,1
DA:149,1
DA:150,1
DA:153,1
DA:154,7
DA:155,5
DA:156,1
DA:162,1
DA:163,3
DA:164,1
DA:165,1
DA:169,1
DA:170,5
DA:171,2
DA:174,0
DA:175,0
DA:176,0
DA:177,0
DA:178,0
DA:181,0
DA:182,0
DA:183,0
DA:184,0
DA:187,1
DA:190,1
DA:191,1
DA:192,1
DA:194,3
DA:195,1
DA:196,1
DA:198,1
DA:203,1
DA:204,1
DA:205,1
DA:207,1
DA:208,1
DA:209,1
DA:211,1
DA:212,1
DA:213,1
DA:214,3
DA:221,1
DA:224,1
DA:225,1
DA:227,2
DA:229,1
DA:232,1
DA:234,1
DA:237,1
DA:238,1
DA:239,2
DA:242,1
DA:243,1
DA:244,4
DA:245,3
DA:252,1
DA:259,2
DA:260,1
DA:262,0
DA:263,0
DA:264,0
DA:266,0
DA:287,1
DA:288,3
DA:289,3
DA:290,2
DA:291,5
DA:293,0
DA:294,0
DA:295,0
DA:296,0
DA:299,0
DA:300,0
DA:301,0
DA:302,0
DA:303,0
DA:310,0
DA:311,0
DA:312,0
DA:315,0
DA:316,0
DA:317,0
DA:318,0
DA:319,0
DA:320,0
DA:321,0
DA:322,0
DA:324,0
DA:325,0
DA:326,0
DA:327,0
DA:328,0
DA:334,0
DA:335,0
DA:344,1
DA:345,1
DA:346,1
DA:347,1
DA:348,2
DA:349,1
DA:350,0
DA:352,1
DA:353,2
DA:354,1
DA:356,1
DA:359,1
DA:360,1
DA:363,0
DA:364,0
DA:365,0
DA:366,0
DA:367,0
DA:369,0
DA:373,3
LF:162
LH:113
end_of_record
SF:lib/firebase_options.dart
DA:18,1
DA:22,1
DA:23,1
DA:25,1
DA:27,0
DA:29,0
DA:30,0
DA:34,0
DA:35,0
DA:40,0
LF:10
LH:4
end_of_record
SF:lib/providers.dart
DA:20,1
DA:21,1
DA:22,1
DA:24,3
DA:27,1
DA:29,2
DA:30,2
DA:31,2
DA:33,0
DA:34,0
DA:37,0
DA:51,1
DA:52,1
DA:53,0
DA:55,1
DA:60,1
DA:62,1
DA:63,3
DA:69,1
DA:70,3
DA:71,5
DA:73,2
DA:74,1
DA:77,3
DA:83,7
DA:85,1
DA:86,1
DA:87,2
DA:88,1
DA:89,1
DA:93,1
DA:94,3
DA:95,3
DA:102,1
DA:103,1
DA:106,1
DA:108,2
DA:109,1
DA:110,1
DA:115,3
DA:117,1
DA:118,1
DA:119,1
DA:121,1
DA:122,2
DA:123,2
DA:124,2
DA:125,1
DA:127,2
DA:128,1
DA:131,2
DA:132,4
DA:134,0
DA:135,0
DA:144,1
DA:149,1
DA:150,1
LF:57
LH:51
end_of_record
SF:lib/providers.g.dart
DA:13,0
DA:15,1
DA:17,2
DA:19,4
DA:20,2
DA:23,1
DA:25,4
DA:27,2
DA:28,4
DA:32,1
DA:35,3
DA:48,1
DA:51,3
DA:58,1
DA:62,1
DA:65,1
DA:66,2
DA:71,1
DA:82,1
DA:84,1
DA:85,3
DA:86,3
DA:89,1
DA:91,3
DA:92,3
DA:93,3
DA:95,1
DA:102,3
DA:105,1
DA:107,1
DA:111,1
DA:117,0
DA:121,0
DA:122,0
DA:123,0
DA:127,0
DA:130,0
DA:133,0
LF:38
LH:30
end_of_record
SF:lib/scripture_form.dart
DA:7,1
DA:9,0
DA:10,0
DA:19,0
DA:21,0
DA:26,0
DA:28,0
DA:29,0
DA:30,0
DA:33,0
DA:35,0
DA:37,0
DA:38,0
DA:39,0
DA:41,0
DA:42,0
DA:43,0
DA:47,0
DA:48,0
DA:55,0
DA:56,0
DA:60,0
DA:61,0
DA:67,0
DA:69,0
DA:70,0
DA:71,0
DA:72,0
DA:74,0
DA:76,0
DA:78,0
DA:79,0
DA:83,0
DA:84,0
DA:85,0
DA:90,0
LF:36
LH:1
end_of_record
SF:lib/views/scripture_dialog.dart
DA:8,0
DA:11,0
DA:12,0
DA:13,0
DA:15,0
DA:17,0
DA:18,0
DA:19,0
DA:20,0
DA:21,0
DA:22,0
DA:23,0
DA:25,0
DA:26,0
DA:27,0
DA:35,0
LF:16
LH:0
end_of_record
SF:lib/views/burrable_verse_view.dart
DA:8,0
DA:12,0
DA:13,0
DA:20,0
DA:22,0
DA:24,0
DA:26,0
DA:27,0
DA:29,0
DA:30,0
DA:32,0
DA:33,0
DA:34,0
DA:36,0
DA:38,0
DA:39,0
DA:40,0
DA:41,0
DA:42,0
DA:43,0
DA:45,0
DA:47,0
DA:50,0
DA:51,0
DA:52,0
DA:53,0
DA:55,0
DA:57,0
DA:67,0
DA:68,0
DA:69,0
DA:73,0
DA:74,0
DA:77,0
DA:80,0
DA:84,0
DA:85,0
DA:86,0
DA:88,0
DA:89,0
DA:90,0
DA:94,0
LF:42
LH:0
end_of_record
